2024-08-17 12:09:14 [INFO] Starting minecraft server version 1.5.2
2024-08-17 12:09:14 [INFO] Loading properties
2024-08-17 12:09:14 [INFO] Default game type: SURVIVAL
2024-08-17 12:09:14 [INFO] Generating keypair
2024-08-17 12:09:15 [INFO] Starting Minecraft server on 127.0.0.1:25569
2024-08-17 12:09:16 [INFO] This server is running CraftBukkit version git-Bukkit-1.5.2-R1.0-b2788jnks (MC: 1.5.2) (Implementing API version 1.5.2-R1.0)
2024-08-17 12:09:16 [WARNING] Failed to load operators list: java.io.FileNotFoundException: ./ops.txt (No such file or directory)
2024-08-17 12:09:16 [WARNING] Failed to load white-list: java.io.FileNotFoundException: ./white-list.txt (No such file or directory)
2024-08-17 12:09:16 [WARNING] **** SERVER IS RUNNING IN OFFLINE/INSECURE MODE!
2024-08-17 12:09:16 [WARNING] The server will make no attempt to authenticate usernames. Beware.
2024-08-17 12:09:16 [WARNING] While this makes the game possible to play without internet access, it also opens up the ability for hackers to connect with any username they choose.
2024-08-17 12:09:16 [WARNING] To change this, set "online-mode" to "true" in the server.properties file.
2024-08-17 12:09:16 [INFO] Preparing level "world"
2024-08-17 12:09:16 [SEVERE] Exception in thread "Thread-5" 
2024-08-17 12:09:17 [SEVERE] org.bukkit.craftbukkit.libs.com.google.gson.JsonSyntaxException: java.lang.IllegalStateException: Expected BEGIN_OBJECT but was STRING at line 1 column 7

2024-08-17 12:09:17 [SEVERE] 	at org.bukkit.craftbukkit.libs.com.google.gson.internal.bind.ReflectiveTypeAdapterFactory$Adapter.read(ReflectiveTypeAdapterFactory.java:180)

2024-08-17 12:09:17 [SEVERE] 	at org.bukkit.craftbukkit.libs.com.google.gson.Gson.fromJson(Gson.java:755)

2024-08-17 12:09:17 [SEVERE] 	at org.bukkit.craftbukkit.libs.com.google.gson.Gson.fromJson(Gson.java:694)

2024-08-17 12:09:17 [SEVERE] 	at org.bukkit.craftbukkit.v1_5_R3.updater.BukkitDLUpdaterService.fetchArtifact(BukkitDLUpdaterService.java:51)

2024-08-17 12:09:17 [SEVERE] 	at org.bukkit.craftbukkit.v1_5_R3.updater.BukkitDLUpdaterService.getArtifact(BukkitDLUpdaterService.java:28)

2024-08-17 12:09:17 [SEVERE] 	at org.bukkit.craftbukkit.v1_5_R3.updater.AutoUpdater$1.run(AutoUpdater.java:77)

2024-08-17 12:09:17 [SEVERE] Caused by: java.lang.IllegalStateException: Expected BEGIN_OBJECT but was STRING at line 1 column 7

2024-08-17 12:09:17 [SEVERE] 	at org.bukkit.craftbukkit.libs.com.google.gson.stream.JsonReader.expect(JsonReader.java:339)

2024-08-17 12:09:17 [SEVERE] 	at org.bukkit.craftbukkit.libs.com.google.gson.stream.JsonReader.beginObject(JsonReader.java:322)

2024-08-17 12:09:17 [SEVERE] 	at org.bukkit.craftbukkit.libs.com.google.gson.internal.bind.ReflectiveTypeAdapterFactory$Adapter.read(ReflectiveTypeAdapterFactory.java:168)

2024-08-17 12:09:17 [SEVERE] 	... 5 more

2024-08-17 12:09:17 [INFO] Preparing start region for level 0 (Seed: 7628326455829189914)
2024-08-17 12:09:18 [INFO] Preparing spawn area: 4%
2024-08-17 12:09:19 [INFO] Preparing spawn area: 4%
2024-08-17 12:09:20 [INFO] Preparing spawn area: 8%
2024-08-17 12:09:21 [INFO] Preparing spawn area: 8%
2024-08-17 12:09:22 [INFO] Preparing spawn area: 16%
2024-08-17 12:09:23 [INFO] Preparing spawn area: 20%
2024-08-17 12:09:24 [INFO] Preparing spawn area: 25%
2024-08-17 12:09:25 [INFO] Preparing spawn area: 37%
2024-08-17 12:09:26 [INFO] Preparing spawn area: 45%
2024-08-17 12:09:27 [INFO] Preparing spawn area: 58%
2024-08-17 12:09:28 [INFO] Preparing spawn area: 70%
2024-08-17 12:09:29 [INFO] Preparing spawn area: 78%
2024-08-17 12:09:30 [INFO] Preparing spawn area: 91%
2024-08-17 12:09:31 [INFO] Preparing spawn area: 99%
2024-08-17 12:09:31 [INFO] Preparing start region for level 1 (Seed: 7628326455829189914)
2024-08-17 12:09:32 [INFO] Preparing spawn area: 0%
2024-08-17 12:09:33 [INFO] Preparing spawn area: 12%
2024-08-17 12:09:34 [INFO] Preparing spawn area: 24%
2024-08-17 12:09:35 [INFO] Preparing spawn area: 41%
2024-08-17 12:09:36 [INFO] Preparing spawn area: 53%
2024-08-17 12:09:37 [INFO] Preparing spawn area: 70%
2024-08-17 12:09:38 [INFO] Preparing spawn area: 91%
2024-08-17 12:09:39 [INFO] Preparing start region for level 2 (Seed: 7628326455829189914)
2024-08-17 12:09:39 [INFO] Preparing spawn area: 0%
2024-08-17 12:09:40 [INFO] Stopping server
2024-08-17 12:10:24 [INFO] Starting minecraft server version 1.5.2
2024-08-17 12:10:24 [INFO] Loading properties
2024-08-17 12:10:24 [INFO] Default game type: SURVIVAL
2024-08-17 12:10:24 [INFO] Generating keypair
2024-08-17 12:10:25 [INFO] Starting Minecraft server on 127.0.0.1:25569
2024-08-17 12:10:25 [INFO] This server is running CraftBukkit version git-Bukkit-1.5.2-R1.0-b2788jnks (MC: 1.5.2) (Implementing API version 1.5.2-R1.0)
2024-08-17 12:10:26 [WARNING] **** SERVER IS RUNNING IN OFFLINE/INSECURE MODE!
2024-08-17 12:10:26 [WARNING] The server will make no attempt to authenticate usernames. Beware.
2024-08-17 12:10:26 [WARNING] While this makes the game possible to play without internet access, it also opens up the ability for hackers to connect with any username they choose.
2024-08-17 12:10:26 [WARNING] To change this, set "online-mode" to "true" in the server.properties file.
2024-08-17 12:10:26 [INFO] Preparing level "world"
2024-08-17 12:10:26 [SEVERE] Exception in thread "Thread-5" 
2024-08-17 12:10:26 [SEVERE] org.bukkit.craftbukkit.libs.com.google.gson.JsonSyntaxException: java.lang.IllegalStateException: Expected BEGIN_OBJECT but was STRING at line 1 column 7

2024-08-17 12:10:26 [SEVERE] 	at org.bukkit.craftbukkit.libs.com.google.gson.internal.bind.ReflectiveTypeAdapterFactory$Adapter.read(ReflectiveTypeAdapterFactory.java:180)

2024-08-17 12:10:26 [SEVERE] 	at org.bukkit.craftbukkit.libs.com.google.gson.Gson.fromJson(Gson.java:755)

2024-08-17 12:10:26 [SEVERE] 	at org.bukkit.craftbukkit.libs.com.google.gson.Gson.fromJson(Gson.java:694)

2024-08-17 12:10:26 [SEVERE] 	at org.bukkit.craftbukkit.v1_5_R3.updater.BukkitDLUpdaterService.fetchArtifact(BukkitDLUpdaterService.java:51)

2024-08-17 12:10:26 [SEVERE] 	at org.bukkit.craftbukkit.v1_5_R3.updater.BukkitDLUpdaterService.getArtifact(BukkitDLUpdaterService.java:28)

2024-08-17 12:10:26 [SEVERE] 	at org.bukkit.craftbukkit.v1_5_R3.updater.AutoUpdater$1.run(AutoUpdater.java:77)

2024-08-17 12:10:26 [SEVERE] Caused by: java.lang.IllegalStateException: Expected BEGIN_OBJECT but was STRING at line 1 column 7

2024-08-17 12:10:26 [SEVERE] 	at org.bukkit.craftbukkit.libs.com.google.gson.stream.JsonReader.expect(JsonReader.java:339)

2024-08-17 12:10:26 [SEVERE] 	at org.bukkit.craftbukkit.libs.com.google.gson.stream.JsonReader.beginObject(JsonReader.java:322)

2024-08-17 12:10:26 [SEVERE] 	at org.bukkit.craftbukkit.libs.com.google.gson.internal.bind.ReflectiveTypeAdapterFactory$Adapter.read(ReflectiveTypeAdapterFactory.java:168)

2024-08-17 12:10:26 [SEVERE] 	... 5 more

2024-08-17 12:10:27 [INFO] Preparing start region for level 0 (Seed: 7628326455829189914)
2024-08-17 12:10:28 [INFO] Preparing spawn area: 0%
2024-08-17 12:10:29 [INFO] Preparing spawn area: 4%
2024-08-17 12:10:30 [INFO] Preparing spawn area: 4%
2024-08-17 12:10:31 [INFO] Preparing spawn area: 8%
2024-08-17 12:10:32 [INFO] Preparing spawn area: 12%
2024-08-17 12:10:33 [INFO] Preparing spawn area: 16%
2024-08-17 12:10:34 [INFO] Preparing spawn area: 20%
2024-08-17 12:10:35 [INFO] Preparing spawn area: 29%
2024-08-17 12:10:36 [INFO] Preparing spawn area: 33%
2024-08-17 12:10:37 [INFO] Preparing spawn area: 37%
2024-08-17 12:10:38 [INFO] Preparing spawn area: 45%
2024-08-17 12:10:39 [INFO] Preparing spawn area: 54%
2024-08-17 12:10:40 [INFO] Preparing spawn area: 66%
2024-08-17 12:10:41 [INFO] Preparing spawn area: 74%
2024-08-17 12:10:42 [INFO] Preparing spawn area: 83%
2024-08-17 12:15:30 [INFO] Starting minecraft server version 1.5.2
2024-08-17 12:15:30 [INFO] Loading properties
2024-08-17 12:15:30 [INFO] Default game type: SURVIVAL
2024-08-17 12:15:30 [INFO] Generating keypair
2024-08-17 12:15:30 [INFO] Starting Minecraft server on 127.0.0.1:25569
2024-08-17 12:15:31 [INFO] This server is running CraftBukkit version git-Bukkit-1.5.2-R1.0-b2788jnks (MC: 1.5.2) (Implementing API version 1.5.2-R1.0)
2024-08-17 12:15:32 [WARNING] **** SERVER IS RUNNING IN OFFLINE/INSECURE MODE!
2024-08-17 12:15:32 [WARNING] The server will make no attempt to authenticate usernames. Beware.
2024-08-17 12:15:32 [WARNING] While this makes the game possible to play without internet access, it also opens up the ability for hackers to connect with any username they choose.
2024-08-17 12:15:32 [WARNING] To change this, set "online-mode" to "true" in the server.properties file.
2024-08-17 12:15:32 [INFO] Preparing level "world"
2024-08-17 12:15:32 [INFO] Preparing start region for level 0 (Seed: 7628326455829189914)
2024-08-17 12:15:32 [SEVERE] Exception in thread "Thread-5" 
2024-08-17 12:15:32 [SEVERE] org.bukkit.craftbukkit.libs.com.google.gson.JsonSyntaxException: java.lang.IllegalStateException: Expected BEGIN_OBJECT but was STRING at line 1 column 7

2024-08-17 12:15:32 [SEVERE] 	at org.bukkit.craftbukkit.libs.com.google.gson.internal.bind.ReflectiveTypeAdapterFactory$Adapter.read(ReflectiveTypeAdapterFactory.java:180)

2024-08-17 12:15:32 [SEVERE] 	at org.bukkit.craftbukkit.libs.com.google.gson.Gson.fromJson(Gson.java:755)

2024-08-17 12:15:32 [SEVERE] 	at org.bukkit.craftbukkit.libs.com.google.gson.Gson.fromJson(Gson.java:694)

2024-08-17 12:15:32 [SEVERE] 	at org.bukkit.craftbukkit.v1_5_R3.updater.BukkitDLUpdaterService.fetchArtifact(BukkitDLUpdaterService.java:51)

2024-08-17 12:15:32 [SEVERE] 	at org.bukkit.craftbukkit.v1_5_R3.updater.BukkitDLUpdaterService.getArtifact(BukkitDLUpdaterService.java:28)

2024-08-17 12:15:32 [SEVERE] 	at org.bukkit.craftbukkit.v1_5_R3.updater.AutoUpdater$1.run(AutoUpdater.java:77)

2024-08-17 12:15:32 [SEVERE] Caused by: java.lang.IllegalStateException: Expected BEGIN_OBJECT but was STRING at line 1 column 7

2024-08-17 12:15:32 [SEVERE] 	at org.bukkit.craftbukkit.libs.com.google.gson.stream.JsonReader.expect(JsonReader.java:339)

2024-08-17 12:15:32 [SEVERE] 	at org.bukkit.craftbukkit.libs.com.google.gson.stream.JsonReader.beginObject(JsonReader.java:322)

2024-08-17 12:15:32 [SEVERE] 	at org.bukkit.craftbukkit.libs.com.google.gson.internal.bind.ReflectiveTypeAdapterFactory$Adapter.read(ReflectiveTypeAdapterFactory.java:168)

2024-08-17 12:15:32 [SEVERE] 	... 5 more

2024-08-17 12:15:33 [INFO] Preparing spawn area: 0%
2024-08-17 12:15:34 [INFO] Preparing spawn area: 4%
2024-08-17 12:15:35 [INFO] Preparing spawn area: 8%
2024-08-17 12:15:36 [INFO] Preparing spawn area: 12%
2024-08-17 12:15:37 [INFO] Preparing spawn area: 16%
2024-08-17 12:15:38 [INFO] Preparing spawn area: 20%
2024-08-17 12:15:39 [INFO] Preparing spawn area: 25%
2024-08-17 12:15:40 [INFO] Preparing spawn area: 33%
2024-08-17 12:15:41 [INFO] Preparing spawn area: 41%
2024-08-17 12:15:42 [INFO] Preparing spawn area: 45%
2024-08-17 12:15:43 [INFO] Preparing spawn area: 54%
2024-08-17 12:15:44 [INFO] Preparing spawn area: 62%
2024-08-17 12:15:45 [INFO] Preparing spawn area: 78%
2024-08-17 12:15:46 [INFO] Preparing spawn area: 87%
2024-08-17 12:15:47 [INFO] Preparing spawn area: 99%
2024-08-17 12:15:48 [INFO] Preparing start region for level 1 (Seed: -1523812175004812715)
2024-08-17 12:15:48 [INFO] Preparing spawn area: 4%
2024-08-17 12:15:49 [INFO] Preparing spawn area: 12%
2024-08-17 12:15:50 [INFO] Preparing spawn area: 29%
2024-08-17 12:15:52 [INFO] Preparing spawn area: 45%
2024-08-17 12:15:53 [INFO] Preparing spawn area: 62%
2024-08-17 12:15:54 [INFO] Preparing spawn area: 74%
2024-08-17 12:15:55 [INFO] Preparing spawn area: 99%
2024-08-17 12:15:55 [INFO] Preparing start region for level 2 (Seed: -1523812175004812715)
2024-08-17 12:15:56 [INFO] Preparing spawn area: 16%
2024-08-17 12:15:57 [INFO] Preparing spawn area: 41%
2024-08-17 12:15:58 [INFO] Preparing spawn area: 70%
2024-08-17 12:15:58 [INFO] Server permissions file permissions.yml is empty, ignoring it
2024-08-17 12:15:58 [INFO] Done (26.740s)! For help, type "help" or "?"
2024-08-17 12:15:59 [INFO] Crash Loop Detector is Running! (30sec)

2024-08-17 12:15:59 [INFO] To increase, add "--crashTimeout [sec]" to the program's arguments

2024-08-17 12:16:04 [WARNING] Can't keep up! Did the system time change, or is the server overloaded?
2024-08-17 12:24:57 [INFO] Starting minecraft server version 1.5.2
2024-08-17 12:24:57 [INFO] Loading properties
2024-08-17 12:24:57 [INFO] Default game type: SURVIVAL
2024-08-17 12:24:57 [INFO] Generating keypair
2024-08-17 12:24:58 [INFO] Starting Minecraft server on 127.0.0.1:25569
2024-08-17 12:24:59 [INFO] This server is running CraftBukkit version git-Bukkit-1.5.2-R1.0-b2788jnks (MC: 1.5.2) (Implementing API version 1.5.2-R1.0)
2024-08-17 12:24:59 [WARNING] **** SERVER IS RUNNING IN OFFLINE/INSECURE MODE!
2024-08-17 12:24:59 [WARNING] The server will make no attempt to authenticate usernames. Beware.
2024-08-17 12:24:59 [WARNING] While this makes the game possible to play without internet access, it also opens up the ability for hackers to connect with any username they choose.
2024-08-17 12:24:59 [WARNING] To change this, set "online-mode" to "true" in the server.properties file.
2024-08-17 12:24:59 [INFO] Preparing level "world"
2024-08-17 12:24:59 [INFO] Preparing start region for level 0 (Seed: 7628326455829189914)
2024-08-17 12:25:00 [SEVERE] Exception in thread "Thread-5" 
2024-08-17 12:25:00 [SEVERE] org.bukkit.craftbukkit.libs.com.google.gson.JsonSyntaxException: java.lang.IllegalStateException: Expected BEGIN_OBJECT but was STRING at line 1 column 7

2024-08-17 12:25:00 [SEVERE] 	at org.bukkit.craftbukkit.libs.com.google.gson.internal.bind.ReflectiveTypeAdapterFactory$Adapter.read(ReflectiveTypeAdapterFactory.java:180)

2024-08-17 12:25:00 [SEVERE] 	at org.bukkit.craftbukkit.libs.com.google.gson.Gson.fromJson(Gson.java:755)

2024-08-17 12:25:00 [SEVERE] 	at org.bukkit.craftbukkit.libs.com.google.gson.Gson.fromJson(Gson.java:694)

2024-08-17 12:25:00 [SEVERE] 	at org.bukkit.craftbukkit.v1_5_R3.updater.BukkitDLUpdaterService.fetchArtifact(BukkitDLUpdaterService.java:51)

2024-08-17 12:25:00 [SEVERE] 	at org.bukkit.craftbukkit.v1_5_R3.updater.BukkitDLUpdaterService.getArtifact(BukkitDLUpdaterService.java:28)

2024-08-17 12:25:00 [SEVERE] 	at org.bukkit.craftbukkit.v1_5_R3.updater.AutoUpdater$1.run(AutoUpdater.java:77)

2024-08-17 12:25:00 [SEVERE] Caused by: java.lang.IllegalStateException: Expected BEGIN_OBJECT but was STRING at line 1 column 7

2024-08-17 12:25:00 [SEVERE] 	at org.bukkit.craftbukkit.libs.com.google.gson.stream.JsonReader.expect(JsonReader.java:339)

2024-08-17 12:25:00 [SEVERE] 	at org.bukkit.craftbukkit.libs.com.google.gson.stream.JsonReader.beginObject(JsonReader.java:322)

2024-08-17 12:25:00 [SEVERE] 	at org.bukkit.craftbukkit.libs.com.google.gson.internal.bind.ReflectiveTypeAdapterFactory$Adapter.read(ReflectiveTypeAdapterFactory.java:168)

2024-08-17 12:25:00 [SEVERE] 	... 5 more

2024-08-17 12:25:00 [INFO] Preparing spawn area: 0%
2024-08-17 12:25:02 [INFO] Preparing spawn area: 4%
2024-08-17 12:25:03 [INFO] Preparing spawn area: 4%
2024-08-17 12:25:04 [INFO] Preparing spawn area: 12%
2024-08-17 12:25:05 [INFO] Preparing spawn area: 12%
2024-08-17 12:25:06 [INFO] Preparing spawn area: 16%
2024-08-17 12:25:07 [INFO] Preparing spawn area: 24%
2024-08-17 12:25:08 [INFO] Preparing spawn area: 29%
2024-08-17 12:25:09 [INFO] Preparing spawn area: 33%
2024-08-17 12:25:10 [INFO] Preparing spawn area: 41%
2024-08-17 12:25:11 [INFO] Preparing spawn area: 49%
2024-08-17 12:25:12 [INFO] Preparing spawn area: 58%
2024-08-17 12:25:13 [INFO] Preparing spawn area: 66%
2024-08-17 12:25:14 [INFO] Preparing spawn area: 78%
2024-08-17 12:25:15 [INFO] Preparing spawn area: 87%
2024-08-17 12:25:16 [INFO] Preparing spawn area: 95%
2024-08-17 12:25:16 [INFO] Preparing start region for level 1 (Seed: -234164607979201682)
2024-08-17 12:25:17 [INFO] Preparing spawn area: 4%
2024-08-17 12:25:18 [INFO] Preparing spawn area: 12%
2024-08-17 12:25:19 [INFO] Preparing spawn area: 20%
2024-08-17 12:25:20 [INFO] Preparing spawn area: 37%
2024-08-17 12:25:21 [INFO] Preparing spawn area: 54%
2024-08-17 12:25:22 [INFO] Preparing spawn area: 74%
2024-08-17 12:25:23 [INFO] Preparing spawn area: 95%
2024-08-17 12:25:23 [INFO] Preparing start region for level 2 (Seed: -234164607979201682)
2024-08-17 12:25:24 [INFO] Preparing spawn area: 12%
2024-08-17 12:25:25 [INFO] Preparing spawn area: 49%
2024-08-17 12:25:26 [INFO] Preparing spawn area: 78%
2024-08-17 12:25:26 [INFO] Server permissions file permissions.yml is empty, ignoring it
2024-08-17 12:25:27 [INFO] Done (27.783s)! For help, type "help" or "?"
2024-08-17 12:25:27 [INFO] Crash Loop Detector is Running! (30sec)

2024-08-17 12:25:27 [INFO] To increase, add "--crashTimeout [sec]" to the program's arguments

2024-08-17 12:25:30 [WARNING] Can't keep up! Did the system time change, or is the server overloaded?
2024-08-17 12:29:31 [INFO] Starting minecraft server version 1.5.2
2024-08-17 12:29:31 [INFO] Loading properties
2024-08-17 12:29:31 [INFO] Default game type: SURVIVAL
2024-08-17 12:29:31 [INFO] Generating keypair
2024-08-17 12:29:32 [INFO] Starting Minecraft server on 127.0.0.1:25569
2024-08-17 12:29:33 [INFO] This server is running CraftBukkit version git-Bukkit-1.5.2-R1.0-b2788jnks (MC: 1.5.2) (Implementing API version 1.5.2-R1.0)
2024-08-17 12:29:33 [WARNING] **** SERVER IS RUNNING IN OFFLINE/INSECURE MODE!
2024-08-17 12:29:33 [WARNING] The server will make no attempt to authenticate usernames. Beware.
2024-08-17 12:29:33 [WARNING] While this makes the game possible to play without internet access, it also opens up the ability for hackers to connect with any username they choose.
2024-08-17 12:29:33 [WARNING] To change this, set "online-mode" to "true" in the server.properties file.
2024-08-17 12:29:33 [INFO] Preparing level "world"
2024-08-17 12:29:33 [INFO] Preparing start region for level 0 (Seed: 7628326455829189914)
2024-08-17 12:29:34 [SEVERE] Exception in thread "Thread-5" 
2024-08-17 12:29:34 [SEVERE] org.bukkit.craftbukkit.libs.com.google.gson.JsonSyntaxException: java.lang.IllegalStateException: Expected BEGIN_OBJECT but was STRING at line 1 column 7

2024-08-17 12:29:34 [SEVERE] 	at org.bukkit.craftbukkit.libs.com.google.gson.internal.bind.ReflectiveTypeAdapterFactory$Adapter.read(ReflectiveTypeAdapterFactory.java:180)

2024-08-17 12:29:34 [SEVERE] 	at org.bukkit.craftbukkit.libs.com.google.gson.Gson.fromJson(Gson.java:755)

2024-08-17 12:29:34 [SEVERE] 	at org.bukkit.craftbukkit.libs.com.google.gson.Gson.fromJson(Gson.java:694)

2024-08-17 12:29:34 [SEVERE] 	at org.bukkit.craftbukkit.v1_5_R3.updater.BukkitDLUpdaterService.fetchArtifact(BukkitDLUpdaterService.java:51)

2024-08-17 12:29:34 [SEVERE] 	at org.bukkit.craftbukkit.v1_5_R3.updater.BukkitDLUpdaterService.getArtifact(BukkitDLUpdaterService.java:28)

2024-08-17 12:29:34 [SEVERE] 	at org.bukkit.craftbukkit.v1_5_R3.updater.AutoUpdater$1.run(AutoUpdater.java:77)

2024-08-17 12:29:34 [SEVERE] Caused by: java.lang.IllegalStateException: Expected BEGIN_OBJECT but was STRING at line 1 column 7

2024-08-17 12:29:34 [SEVERE] 	at org.bukkit.craftbukkit.libs.com.google.gson.stream.JsonReader.expect(JsonReader.java:339)

2024-08-17 12:29:34 [SEVERE] 	at org.bukkit.craftbukkit.libs.com.google.gson.stream.JsonReader.beginObject(JsonReader.java:322)

2024-08-17 12:29:34 [SEVERE] 	at org.bukkit.craftbukkit.libs.com.google.gson.internal.bind.ReflectiveTypeAdapterFactory$Adapter.read(ReflectiveTypeAdapterFactory.java:168)

2024-08-17 12:29:34 [SEVERE] 	... 5 more

2024-08-17 12:29:34 [INFO] Preparing spawn area: 41%
2024-08-17 12:29:35 [INFO] Preparing start region for level 1 (Seed: -234164607979201682)
2024-08-17 12:29:35 [INFO] Preparing spawn area: 12%
2024-08-17 12:29:36 [INFO] Preparing start region for level 2 (Seed: -234164607979201682)
2024-08-17 12:29:36 [INFO] Preparing spawn area: 4%
2024-08-17 12:29:37 [INFO] Server permissions file permissions.yml is empty, ignoring it
2024-08-17 12:29:37 [INFO] Done (3.695s)! For help, type "help" or "?"
2024-08-17 12:29:37 [INFO] Crash Loop Detector is Running! (30sec)

2024-08-17 12:29:37 [INFO] To increase, add "--crashTimeout [sec]" to the program's arguments

2024-08-17 12:34:20 [INFO] Starting minecraft server version 1.5.2
2024-08-17 12:34:20 [INFO] Loading properties
2024-08-17 12:34:20 [INFO] Default game type: SURVIVAL
2024-08-17 12:34:20 [INFO] Generating keypair
2024-08-17 12:34:21 [INFO] Starting Minecraft server on 127.0.0.1:25569
2024-08-17 12:34:22 [INFO] This server is running CraftBukkit version git-Bukkit-1.5.2-R1.0-b2788jnks (MC: 1.5.2) (Implementing API version 1.5.2-R1.0)
2024-08-17 12:34:22 [WARNING] **** SERVER IS RUNNING IN OFFLINE/INSECURE MODE!
2024-08-17 12:34:22 [WARNING] The server will make no attempt to authenticate usernames. Beware.
2024-08-17 12:34:22 [WARNING] While this makes the game possible to play without internet access, it also opens up the ability for hackers to connect with any username they choose.
2024-08-17 12:34:22 [WARNING] To change this, set "online-mode" to "true" in the server.properties file.
2024-08-17 12:34:22 [INFO] Preparing level "world"
2024-08-17 12:34:22 [INFO] Preparing start region for level 0 (Seed: 7628326455829189914)
2024-08-17 12:34:23 [SEVERE] Exception in thread "Thread-5" 
2024-08-17 12:34:23 [SEVERE] org.bukkit.craftbukkit.libs.com.google.gson.JsonSyntaxException: java.lang.IllegalStateException: Expected BEGIN_OBJECT but was STRING at line 1 column 7

2024-08-17 12:34:23 [SEVERE] 	at org.bukkit.craftbukkit.libs.com.google.gson.internal.bind.ReflectiveTypeAdapterFactory$Adapter.read(ReflectiveTypeAdapterFactory.java:180)

2024-08-17 12:34:23 [SEVERE] 	at org.bukkit.craftbukkit.libs.com.google.gson.Gson.fromJson(Gson.java:755)

2024-08-17 12:34:23 [SEVERE] 	at org.bukkit.craftbukkit.libs.com.google.gson.Gson.fromJson(Gson.java:694)

2024-08-17 12:34:23 [SEVERE] 	at org.bukkit.craftbukkit.v1_5_R3.updater.BukkitDLUpdaterService.fetchArtifact(BukkitDLUpdaterService.java:51)

2024-08-17 12:34:23 [SEVERE] 	at org.bukkit.craftbukkit.v1_5_R3.updater.BukkitDLUpdaterService.getArtifact(BukkitDLUpdaterService.java:28)

2024-08-17 12:34:23 [SEVERE] 	at org.bukkit.craftbukkit.v1_5_R3.updater.AutoUpdater$1.run(AutoUpdater.java:77)

2024-08-17 12:34:23 [SEVERE] Caused by: java.lang.IllegalStateException: Expected BEGIN_OBJECT but was STRING at line 1 column 7

2024-08-17 12:34:23 [SEVERE] 	at org.bukkit.craftbukkit.libs.com.google.gson.stream.JsonReader.expect(JsonReader.java:339)

2024-08-17 12:34:23 [SEVERE] 	at org.bukkit.craftbukkit.libs.com.google.gson.stream.JsonReader.beginObject(JsonReader.java:322)

2024-08-17 12:34:23 [SEVERE] 	at org.bukkit.craftbukkit.libs.com.google.gson.internal.bind.ReflectiveTypeAdapterFactory$Adapter.read(ReflectiveTypeAdapterFactory.java:168)

2024-08-17 12:34:23 [SEVERE] 	... 5 more

2024-08-17 12:34:23 [INFO] Preparing spawn area: 41%
2024-08-17 12:34:24 [INFO] Preparing spawn area: 78%
2024-08-17 12:34:25 [INFO] Preparing start region for level 1 (Seed: -234164607979201682)
2024-08-17 12:34:25 [INFO] Preparing spawn area: 66%
2024-08-17 12:34:26 [INFO] Preparing start region for level 2 (Seed: -234164607979201682)
2024-08-17 12:34:26 [INFO] Server permissions file permissions.yml is empty, ignoring it
2024-08-17 12:34:26 [INFO] Done (4.176s)! For help, type "help" or "?"
2024-08-17 12:34:26 [INFO] Crash Loop Detector is Running! (30sec)

2024-08-17 12:34:27 [INFO] To increase, add "--crashTimeout [sec]" to the program's arguments

2024-08-17 12:36:08 [INFO] Starting minecraft server version 1.5.2
2024-08-17 12:36:08 [INFO] Loading properties
2024-08-17 12:36:08 [INFO] Default game type: SURVIVAL
2024-08-17 12:36:08 [INFO] Generating keypair
2024-08-17 12:36:09 [INFO] Starting Minecraft server on 127.0.0.1:25569
2024-08-17 12:36:10 [INFO] This server is running CraftBukkit version git-Bukkit-1.5.2-R1.0-b2788jnks (MC: 1.5.2) (Implementing API version 1.5.2-R1.0)
2024-08-17 12:36:10 [WARNING] **** SERVER IS RUNNING IN OFFLINE/INSECURE MODE!
2024-08-17 12:36:10 [WARNING] The server will make no attempt to authenticate usernames. Beware.
2024-08-17 12:36:10 [WARNING] While this makes the game possible to play without internet access, it also opens up the ability for hackers to connect with any username they choose.
2024-08-17 12:36:10 [WARNING] To change this, set "online-mode" to "true" in the server.properties file.
2024-08-17 12:36:11 [INFO] Preparing level "world"
2024-08-17 12:36:11 [INFO] Preparing start region for level 0 (Seed: 7628326455829189914)
2024-08-17 12:36:11 [SEVERE] Exception in thread "Thread-5" 
2024-08-17 12:36:11 [SEVERE] org.bukkit.craftbukkit.libs.com.google.gson.JsonSyntaxException: java.lang.IllegalStateException: Expected BEGIN_OBJECT but was STRING at line 1 column 7

2024-08-17 12:36:11 [SEVERE] 	at org.bukkit.craftbukkit.libs.com.google.gson.internal.bind.ReflectiveTypeAdapterFactory$Adapter.read(ReflectiveTypeAdapterFactory.java:180)

2024-08-17 12:36:11 [SEVERE] 	at org.bukkit.craftbukkit.libs.com.google.gson.Gson.fromJson(Gson.java:755)

2024-08-17 12:36:11 [SEVERE] 	at org.bukkit.craftbukkit.libs.com.google.gson.Gson.fromJson(Gson.java:694)

2024-08-17 12:36:11 [SEVERE] 	at org.bukkit.craftbukkit.v1_5_R3.updater.BukkitDLUpdaterService.fetchArtifact(BukkitDLUpdaterService.java:51)

2024-08-17 12:36:11 [SEVERE] 	at org.bukkit.craftbukkit.v1_5_R3.updater.BukkitDLUpdaterService.getArtifact(BukkitDLUpdaterService.java:28)

2024-08-17 12:36:11 [SEVERE] 	at org.bukkit.craftbukkit.v1_5_R3.updater.AutoUpdater$1.run(AutoUpdater.java:77)

2024-08-17 12:36:11 [SEVERE] Caused by: java.lang.IllegalStateException: Expected BEGIN_OBJECT but was STRING at line 1 column 7

2024-08-17 12:36:11 [SEVERE] 	at org.bukkit.craftbukkit.libs.com.google.gson.stream.JsonReader.expect(JsonReader.java:339)

2024-08-17 12:36:11 [SEVERE] 	at org.bukkit.craftbukkit.libs.com.google.gson.stream.JsonReader.beginObject(JsonReader.java:322)

2024-08-17 12:36:11 [SEVERE] 	at org.bukkit.craftbukkit.libs.com.google.gson.internal.bind.ReflectiveTypeAdapterFactory$Adapter.read(ReflectiveTypeAdapterFactory.java:168)

2024-08-17 12:36:11 [SEVERE] 	... 5 more

2024-08-17 12:36:12 [INFO] Preparing spawn area: 53%
2024-08-17 12:36:13 [INFO] Preparing start region for level 1 (Seed: -234164607979201682)
2024-08-17 12:36:13 [INFO] Preparing spawn area: 8%
2024-08-17 12:36:14 [INFO] Preparing start region for level 2 (Seed: -234164607979201682)
2024-08-17 12:36:14 [INFO] Preparing spawn area: 0%
2024-08-17 12:36:14 [INFO] Server permissions file permissions.yml is empty, ignoring it
2024-08-17 12:36:14 [INFO] Done (3.801s)! For help, type "help" or "?"
2024-08-17 12:36:14 [INFO] Crash Loop Detector is Running! (30sec)

2024-08-17 12:36:14 [INFO] To increase, add "--crashTimeout [sec]" to the program's arguments

2024-08-17 12:38:32 [INFO] Starting minecraft server version 1.5.2
2024-08-17 12:38:32 [INFO] Loading properties
2024-08-17 12:38:32 [INFO] Default game type: SURVIVAL
2024-08-17 12:38:32 [INFO] Generating keypair
2024-08-17 12:38:33 [INFO] Starting Minecraft server on 127.0.0.1:25569
2024-08-17 12:38:33 [INFO] This server is running CraftBukkit version git-Bukkit-1.5.2-R1.0-b2788jnks (MC: 1.5.2) (Implementing API version 1.5.2-R1.0)
2024-08-17 12:38:34 [WARNING] **** SERVER IS RUNNING IN OFFLINE/INSECURE MODE!
2024-08-17 12:38:34 [WARNING] The server will make no attempt to authenticate usernames. Beware.
2024-08-17 12:38:34 [WARNING] While this makes the game possible to play without internet access, it also opens up the ability for hackers to connect with any username they choose.
2024-08-17 12:38:34 [WARNING] To change this, set "online-mode" to "true" in the server.properties file.
2024-08-17 12:38:34 [INFO] Preparing level "world"
2024-08-17 12:38:34 [SEVERE] Exception in thread "Thread-5" 
2024-08-17 12:38:34 [SEVERE] org.bukkit.craftbukkit.libs.com.google.gson.JsonSyntaxException: java.lang.IllegalStateException: Expected BEGIN_OBJECT but was STRING at line 1 column 7

2024-08-17 12:38:34 [SEVERE] 	at org.bukkit.craftbukkit.libs.com.google.gson.internal.bind.ReflectiveTypeAdapterFactory$Adapter.read(ReflectiveTypeAdapterFactory.java:180)

2024-08-17 12:38:34 [SEVERE] 	at org.bukkit.craftbukkit.libs.com.google.gson.Gson.fromJson(Gson.java:755)

2024-08-17 12:38:34 [SEVERE] 	at org.bukkit.craftbukkit.libs.com.google.gson.Gson.fromJson(Gson.java:694)

2024-08-17 12:38:34 [SEVERE] 	at org.bukkit.craftbukkit.v1_5_R3.updater.BukkitDLUpdaterService.fetchArtifact(BukkitDLUpdaterService.java:51)

2024-08-17 12:38:34 [SEVERE] 	at org.bukkit.craftbukkit.v1_5_R3.updater.BukkitDLUpdaterService.getArtifact(BukkitDLUpdaterService.java:28)

2024-08-17 12:38:34 [SEVERE] 	at org.bukkit.craftbukkit.v1_5_R3.updater.AutoUpdater$1.run(AutoUpdater.java:77)

2024-08-17 12:38:34 [SEVERE] Caused by: java.lang.IllegalStateException: Expected BEGIN_OBJECT but was STRING at line 1 column 7

2024-08-17 12:38:34 [SEVERE] 	at org.bukkit.craftbukkit.libs.com.google.gson.stream.JsonReader.expect(JsonReader.java:339)

2024-08-17 12:38:34 [SEVERE] 	at org.bukkit.craftbukkit.libs.com.google.gson.stream.JsonReader.beginObject(JsonReader.java:322)

2024-08-17 12:38:34 [SEVERE] 	at org.bukkit.craftbukkit.libs.com.google.gson.internal.bind.ReflectiveTypeAdapterFactory$Adapter.read(ReflectiveTypeAdapterFactory.java:168)

2024-08-17 12:38:34 [SEVERE] 	... 5 more

2024-08-17 12:38:34 [INFO] Preparing start region for level 0 (Seed: 7628326455829189914)
2024-08-17 12:38:35 [INFO] Preparing spawn area: 37%
2024-08-17 12:38:36 [INFO] Preparing spawn area: 95%
2024-08-17 12:38:37 [INFO] Preparing start region for level 1 (Seed: -234164607979201682)
2024-08-17 12:38:37 [INFO] Preparing spawn area: 82%
2024-08-17 12:38:38 [INFO] Preparing start region for level 2 (Seed: -234164607979201682)
2024-08-17 12:38:38 [INFO] Server permissions file permissions.yml is empty, ignoring it
2024-08-17 12:38:38 [INFO] Done (4.004s)! For help, type "help" or "?"
2024-08-17 12:38:38 [INFO] Crash Loop Detector is Running! (30sec)

2024-08-17 12:38:38 [INFO] To increase, add "--crashTimeout [sec]" to the program's arguments

2024-08-17 12:43:15 [INFO] Starting minecraft server version 1.5.2
2024-08-17 12:43:16 [INFO] Loading properties
2024-08-17 12:43:16 [INFO] Default game type: SURVIVAL
2024-08-17 12:43:16 [INFO] Generating keypair
2024-08-17 12:43:17 [INFO] Starting Minecraft server on 127.0.0.1:25569
2024-08-17 12:43:17 [INFO] This server is running CraftBukkit version git-Bukkit-1.5.2-R1.0-b2788jnks (MC: 1.5.2) (Implementing API version 1.5.2-R1.0)
2024-08-17 12:43:18 [WARNING] **** SERVER IS RUNNING IN OFFLINE/INSECURE MODE!
2024-08-17 12:43:18 [WARNING] The server will make no attempt to authenticate usernames. Beware.
2024-08-17 12:43:18 [WARNING] While this makes the game possible to play without internet access, it also opens up the ability for hackers to connect with any username they choose.
2024-08-17 12:43:18 [WARNING] To change this, set "online-mode" to "true" in the server.properties file.
2024-08-17 12:43:18 [INFO] Preparing level "world"
2024-08-17 12:43:18 [INFO] Preparing start region for level 0 (Seed: 7628326455829189914)
2024-08-17 12:43:19 [SEVERE] Exception in thread "Thread-5" 
2024-08-17 12:43:19 [SEVERE] org.bukkit.craftbukkit.libs.com.google.gson.JsonSyntaxException: java.lang.IllegalStateException: Expected BEGIN_OBJECT but was STRING at line 1 column 7

2024-08-17 12:43:19 [SEVERE] 	at org.bukkit.craftbukkit.libs.com.google.gson.internal.bind.ReflectiveTypeAdapterFactory$Adapter.read(ReflectiveTypeAdapterFactory.java:180)

2024-08-17 12:43:19 [SEVERE] 	at org.bukkit.craftbukkit.libs.com.google.gson.Gson.fromJson(Gson.java:755)

2024-08-17 12:43:19 [SEVERE] 	at org.bukkit.craftbukkit.libs.com.google.gson.Gson.fromJson(Gson.java:694)

2024-08-17 12:43:19 [SEVERE] 	at org.bukkit.craftbukkit.v1_5_R3.updater.BukkitDLUpdaterService.fetchArtifact(BukkitDLUpdaterService.java:51)

2024-08-17 12:43:19 [SEVERE] 	at org.bukkit.craftbukkit.v1_5_R3.updater.BukkitDLUpdaterService.getArtifact(BukkitDLUpdaterService.java:28)

2024-08-17 12:43:19 [SEVERE] 	at org.bukkit.craftbukkit.v1_5_R3.updater.AutoUpdater$1.run(AutoUpdater.java:77)

2024-08-17 12:43:19 [SEVERE] Caused by: java.lang.IllegalStateException: Expected BEGIN_OBJECT but was STRING at line 1 column 7

2024-08-17 12:43:19 [SEVERE] 	at org.bukkit.craftbukkit.libs.com.google.gson.stream.JsonReader.expect(JsonReader.java:339)

2024-08-17 12:43:19 [SEVERE] 	at org.bukkit.craftbukkit.libs.com.google.gson.stream.JsonReader.beginObject(JsonReader.java:322)

2024-08-17 12:43:19 [SEVERE] 	at org.bukkit.craftbukkit.libs.com.google.gson.internal.bind.ReflectiveTypeAdapterFactory$Adapter.read(ReflectiveTypeAdapterFactory.java:168)

2024-08-17 12:43:19 [SEVERE] 	... 5 more

2024-08-17 12:43:19 [INFO] Preparing spawn area: 33%
2024-08-17 12:43:20 [INFO] Preparing spawn area: 78%
2024-08-17 12:43:20 [INFO] Preparing start region for level 1 (Seed: -234164607979201682)
2024-08-17 12:43:21 [INFO] Preparing spawn area: 49%
2024-08-17 12:43:21 [INFO] Preparing start region for level 2 (Seed: -234164607979201682)
2024-08-17 12:43:22 [INFO] Server permissions file permissions.yml is empty, ignoring it
2024-08-17 12:43:22 [INFO] Done (3.969s)! For help, type "help" or "?"
2024-08-17 12:43:22 [INFO] Crash Loop Detector is Running! (30sec)

2024-08-17 12:43:22 [INFO] To increase, add "--crashTimeout [sec]" to the program's arguments

2024-08-17 12:45:06 [INFO] Starting minecraft server version 1.5.2
2024-08-17 12:45:06 [INFO] Loading properties
2024-08-17 12:45:06 [INFO] Default game type: SURVIVAL
2024-08-17 12:45:06 [INFO] Generating keypair
2024-08-17 12:45:07 [INFO] Starting Minecraft server on 127.0.0.1:25569
2024-08-17 12:45:08 [INFO] This server is running CraftBukkit version git-Bukkit-1.5.2-R1.0-b2788jnks (MC: 1.5.2) (Implementing API version 1.5.2-R1.0)
2024-08-17 12:45:08 [WARNING] **** SERVER IS RUNNING IN OFFLINE/INSECURE MODE!
2024-08-17 12:45:08 [WARNING] The server will make no attempt to authenticate usernames. Beware.
2024-08-17 12:45:08 [WARNING] While this makes the game possible to play without internet access, it also opens up the ability for hackers to connect with any username they choose.
2024-08-17 12:45:08 [WARNING] To change this, set "online-mode" to "true" in the server.properties file.
2024-08-17 12:45:08 [INFO] Preparing level "world"
2024-08-17 12:45:09 [INFO] Preparing start region for level 0 (Seed: 7628326455829189914)
2024-08-17 12:45:09 [SEVERE] Exception in thread "Thread-5" 
2024-08-17 12:45:09 [SEVERE] org.bukkit.craftbukkit.libs.com.google.gson.JsonSyntaxException: java.lang.IllegalStateException: Expected BEGIN_OBJECT but was STRING at line 1 column 7

2024-08-17 12:45:09 [SEVERE] 	at org.bukkit.craftbukkit.libs.com.google.gson.internal.bind.ReflectiveTypeAdapterFactory$Adapter.read(ReflectiveTypeAdapterFactory.java:180)

2024-08-17 12:45:09 [SEVERE] 	at org.bukkit.craftbukkit.libs.com.google.gson.Gson.fromJson(Gson.java:755)

2024-08-17 12:45:09 [SEVERE] 	at org.bukkit.craftbukkit.libs.com.google.gson.Gson.fromJson(Gson.java:694)

2024-08-17 12:45:09 [SEVERE] 	at org.bukkit.craftbukkit.v1_5_R3.updater.BukkitDLUpdaterService.fetchArtifact(BukkitDLUpdaterService.java:51)

2024-08-17 12:45:09 [SEVERE] 	at org.bukkit.craftbukkit.v1_5_R3.updater.BukkitDLUpdaterService.getArtifact(BukkitDLUpdaterService.java:28)

2024-08-17 12:45:09 [SEVERE] 	at org.bukkit.craftbukkit.v1_5_R3.updater.AutoUpdater$1.run(AutoUpdater.java:77)

2024-08-17 12:45:09 [SEVERE] Caused by: java.lang.IllegalStateException: Expected BEGIN_OBJECT but was STRING at line 1 column 7

2024-08-17 12:45:09 [SEVERE] 	at org.bukkit.craftbukkit.libs.com.google.gson.stream.JsonReader.expect(JsonReader.java:339)

2024-08-17 12:45:09 [SEVERE] 	at org.bukkit.craftbukkit.libs.com.google.gson.stream.JsonReader.beginObject(JsonReader.java:322)

2024-08-17 12:45:09 [SEVERE] 	at org.bukkit.craftbukkit.libs.com.google.gson.internal.bind.ReflectiveTypeAdapterFactory$Adapter.read(ReflectiveTypeAdapterFactory.java:168)

2024-08-17 12:45:09 [SEVERE] 	... 5 more

2024-08-17 12:45:10 [INFO] Preparing spawn area: 29%
2024-08-17 12:45:11 [INFO] Preparing spawn area: 62%
2024-08-17 12:45:11 [INFO] Preparing start region for level 1 (Seed: -234164607979201682)
2024-08-17 12:45:12 [INFO] Preparing spawn area: 49%
2024-08-17 12:45:12 [INFO] Preparing start region for level 2 (Seed: -234164607979201682)
2024-08-17 12:45:12 [INFO] Server permissions file permissions.yml is empty, ignoring it
2024-08-17 12:45:12 [INFO] Done (3.890s)! For help, type "help" or "?"
2024-08-17 12:45:12 [INFO] Crash Loop Detector is Running! (30sec)

2024-08-17 12:45:12 [INFO] To increase, add "--crashTimeout [sec]" to the program's arguments

2024-08-17 12:46:52 [INFO] TARMaster[/127.0.0.1:33269] logged in with entity id 216 at ([world] -102.5, 64.0, 213.5)
2024-08-17 12:47:35 [INFO] TARMaster lost connection: disconnect.quitting
2024-08-17 12:47:35 [INFO] Connection reset
2024-08-17 12:47:46 [INFO] Stopping server
2024-08-17 12:47:47 [INFO] Saving players
2024-08-18 20:49:33 [INFO] Starting minecraft server version 1.5.2
2024-08-18 20:49:33 [INFO] Loading properties
2024-08-18 20:49:33 [INFO] Default game type: SURVIVAL
2024-08-18 20:49:33 [INFO] Generating keypair
2024-08-18 20:49:34 [INFO] Starting Minecraft server on 127.0.0.1:25569
2024-08-18 20:49:34 [INFO] This server is running CraftBukkit version git-Bukkit-1.5.2-R1.0-b2788jnks (MC: 1.5.2) (Implementing API version 1.5.2-R1.0)
2024-08-18 20:49:35 [WARNING] **** SERVER IS RUNNING IN OFFLINE/INSECURE MODE!
2024-08-18 20:49:35 [WARNING] The server will make no attempt to authenticate usernames. Beware.
2024-08-18 20:49:35 [WARNING] While this makes the game possible to play without internet access, it also opens up the ability for hackers to connect with any username they choose.
2024-08-18 20:49:35 [WARNING] To change this, set "online-mode" to "true" in the server.properties file.
2024-08-18 20:49:35 [INFO] Preparing level "world"
2024-08-18 20:49:35 [INFO] Preparing start region for level 0 (Seed: 7628326455829189914)
2024-08-18 20:49:35 [SEVERE] Exception in thread "Thread-5" 
2024-08-18 20:49:36 [SEVERE] org.bukkit.craftbukkit.libs.com.google.gson.JsonSyntaxException: java.lang.IllegalStateException: Expected BEGIN_OBJECT but was STRING at line 1 column 7

2024-08-18 20:49:36 [SEVERE] 	at org.bukkit.craftbukkit.libs.com.google.gson.internal.bind.ReflectiveTypeAdapterFactory$Adapter.read(ReflectiveTypeAdapterFactory.java:180)

2024-08-18 20:49:36 [SEVERE] 	at org.bukkit.craftbukkit.libs.com.google.gson.Gson.fromJson(Gson.java:755)

2024-08-18 20:49:36 [SEVERE] 	at org.bukkit.craftbukkit.libs.com.google.gson.Gson.fromJson(Gson.java:694)

2024-08-18 20:49:36 [SEVERE] 	at org.bukkit.craftbukkit.v1_5_R3.updater.BukkitDLUpdaterService.fetchArtifact(BukkitDLUpdaterService.java:51)

2024-08-18 20:49:36 [SEVERE] 	at org.bukkit.craftbukkit.v1_5_R3.updater.BukkitDLUpdaterService.getArtifact(BukkitDLUpdaterService.java:28)

2024-08-18 20:49:36 [SEVERE] 	at org.bukkit.craftbukkit.v1_5_R3.updater.AutoUpdater$1.run(AutoUpdater.java:77)

2024-08-18 20:49:36 [SEVERE] Caused by: java.lang.IllegalStateException: Expected BEGIN_OBJECT but was STRING at line 1 column 7

2024-08-18 20:49:36 [SEVERE] 	at org.bukkit.craftbukkit.libs.com.google.gson.stream.JsonReader.expect(JsonReader.java:339)

2024-08-18 20:49:36 [SEVERE] 	at org.bukkit.craftbukkit.libs.com.google.gson.stream.JsonReader.beginObject(JsonReader.java:322)

2024-08-18 20:49:36 [SEVERE] 	at org.bukkit.craftbukkit.libs.com.google.gson.internal.bind.ReflectiveTypeAdapterFactory$Adapter.read(ReflectiveTypeAdapterFactory.java:168)

2024-08-18 20:49:36 [SEVERE] 	... 5 more

2024-08-18 20:49:36 [INFO] Preparing spawn area: 33%
2024-08-18 20:49:37 [INFO] Preparing start region for level 1 (Seed: -234164607979201682)
2024-08-18 20:49:37 [INFO] Preparing spawn area: 0%
2024-08-18 20:49:37 [INFO] Preparing start region for level 2 (Seed: -234164607979201682)
2024-08-18 20:49:38 [INFO] Server permissions file permissions.yml is empty, ignoring it
2024-08-18 20:49:38 [INFO] Done (3.000s)! For help, type "help" or "?"
2024-08-18 20:49:38 [INFO] Crash Loop Detector is Running! (30sec)

2024-08-18 20:49:38 [INFO] To increase, add "--crashTimeout [sec]" to the program's arguments

2024-08-18 21:02:47 [INFO] Starting minecraft server version 1.5.2
2024-08-18 21:02:47 [INFO] Loading properties
2024-08-18 21:02:47 [INFO] Default game type: SURVIVAL
2024-08-18 21:02:47 [INFO] Generating keypair
2024-08-18 21:02:48 [INFO] Starting Minecraft server on 127.0.0.1:25569
2024-08-18 21:02:48 [INFO] This server is running CraftBukkit version git-Bukkit-1.5.2-R1.0-b2788jnks (MC: 1.5.2) (Implementing API version 1.5.2-R1.0)
2024-08-18 21:02:49 [WARNING] **** SERVER IS RUNNING IN OFFLINE/INSECURE MODE!
2024-08-18 21:02:49 [WARNING] The server will make no attempt to authenticate usernames. Beware.
2024-08-18 21:02:49 [WARNING] While this makes the game possible to play without internet access, it also opens up the ability for hackers to connect with any username they choose.
2024-08-18 21:02:49 [WARNING] To change this, set "online-mode" to "true" in the server.properties file.
2024-08-18 21:02:49 [INFO] Preparing level "world"
2024-08-18 21:02:49 [INFO] Preparing start region for level 0 (Seed: 7628326455829189914)
2024-08-18 21:02:49 [SEVERE] Exception in thread "Thread-5" 
2024-08-18 21:02:49 [SEVERE] org.bukkit.craftbukkit.libs.com.google.gson.JsonSyntaxException: java.lang.IllegalStateException: Expected BEGIN_OBJECT but was STRING at line 1 column 7

2024-08-18 21:02:49 [SEVERE] 	at org.bukkit.craftbukkit.libs.com.google.gson.internal.bind.ReflectiveTypeAdapterFactory$Adapter.read(ReflectiveTypeAdapterFactory.java:180)

2024-08-18 21:02:49 [SEVERE] 	at org.bukkit.craftbukkit.libs.com.google.gson.Gson.fromJson(Gson.java:755)

2024-08-18 21:02:49 [SEVERE] 	at org.bukkit.craftbukkit.libs.com.google.gson.Gson.fromJson(Gson.java:694)

2024-08-18 21:02:49 [SEVERE] 	at org.bukkit.craftbukkit.v1_5_R3.updater.BukkitDLUpdaterService.fetchArtifact(BukkitDLUpdaterService.java:51)

2024-08-18 21:02:49 [SEVERE] 	at org.bukkit.craftbukkit.v1_5_R3.updater.BukkitDLUpdaterService.getArtifact(BukkitDLUpdaterService.java:28)

2024-08-18 21:02:49 [SEVERE] 	at org.bukkit.craftbukkit.v1_5_R3.updater.AutoUpdater$1.run(AutoUpdater.java:77)

2024-08-18 21:02:49 [SEVERE] Caused by: java.lang.IllegalStateException: Expected BEGIN_OBJECT but was STRING at line 1 column 7

2024-08-18 21:02:49 [SEVERE] 	at org.bukkit.craftbukkit.libs.com.google.gson.stream.JsonReader.expect(JsonReader.java:339)

2024-08-18 21:02:49 [SEVERE] 	at org.bukkit.craftbukkit.libs.com.google.gson.stream.JsonReader.beginObject(JsonReader.java:322)

2024-08-18 21:02:49 [SEVERE] 	at org.bukkit.craftbukkit.libs.com.google.gson.internal.bind.ReflectiveTypeAdapterFactory$Adapter.read(ReflectiveTypeAdapterFactory.java:168)

2024-08-18 21:02:49 [SEVERE] 	... 5 more

2024-08-18 21:02:50 [INFO] Preparing spawn area: 74%
2024-08-18 21:02:50 [INFO] Preparing start region for level 1 (Seed: -234164607979201682)
2024-08-18 21:02:51 [INFO] Preparing spawn area: 45%
2024-08-18 21:02:52 [INFO] Preparing start region for level 2 (Seed: -234164607979201682)
2024-08-18 21:02:52 [INFO] Server permissions file permissions.yml is empty, ignoring it
2024-08-18 21:02:52 [INFO] Done (3.190s)! For help, type "help" or "?"
2024-08-18 21:02:52 [INFO] Crash Loop Detector is Running! (30sec)

2024-08-18 21:02:52 [INFO] To increase, add "--crashTimeout [sec]" to the program's arguments

2024-08-18 21:06:14 [INFO] TARMaster[/127.0.0.1:38723] logged in with entity id 322 at ([world] -94.30000001192093, 65.0, 164.30000001192093)
2024-08-18 21:06:35 [INFO] TARMaster lost connection: disconnect.quitting
2024-08-18 21:06:35 [INFO] Connection reset
2024-08-19 07:15:56 [INFO] Starting minecraft server version 1.5.2
2024-08-19 07:15:56 [INFO] Loading properties
2024-08-19 07:15:56 [INFO] Default game type: SURVIVAL
2024-08-19 07:15:56 [INFO] Generating keypair
2024-08-19 07:15:57 [INFO] Starting Minecraft server on 127.0.0.1:25569
2024-08-19 07:15:58 [INFO] This server is running CraftBukkit version git-Bukkit-1.5.2-R1.0-b2788jnks (MC: 1.5.2) (Implementing API version 1.5.2-R1.0)
2024-08-19 07:15:58 [WARNING] **** SERVER IS RUNNING IN OFFLINE/INSECURE MODE!
2024-08-19 07:15:58 [WARNING] The server will make no attempt to authenticate usernames. Beware.
2024-08-19 07:15:58 [WARNING] While this makes the game possible to play without internet access, it also opens up the ability for hackers to connect with any username they choose.
2024-08-19 07:15:58 [WARNING] To change this, set "online-mode" to "true" in the server.properties file.
2024-08-19 07:15:58 [INFO] Preparing level "world"
2024-08-19 07:15:58 [INFO] Preparing start region for level 0 (Seed: 7628326455829189914)
2024-08-19 07:15:59 [SEVERE] Exception in thread "Thread-5" 
2024-08-19 07:15:59 [SEVERE] org.bukkit.craftbukkit.libs.com.google.gson.JsonSyntaxException: java.lang.IllegalStateException: Expected BEGIN_OBJECT but was STRING at line 1 column 7

2024-08-19 07:15:59 [SEVERE] 	at org.bukkit.craftbukkit.libs.com.google.gson.internal.bind.ReflectiveTypeAdapterFactory$Adapter.read(ReflectiveTypeAdapterFactory.java:180)

2024-08-19 07:15:59 [SEVERE] 	at org.bukkit.craftbukkit.libs.com.google.gson.Gson.fromJson(Gson.java:755)

2024-08-19 07:15:59 [SEVERE] 	at org.bukkit.craftbukkit.libs.com.google.gson.Gson.fromJson(Gson.java:694)

2024-08-19 07:15:59 [SEVERE] 	at org.bukkit.craftbukkit.v1_5_R3.updater.BukkitDLUpdaterService.fetchArtifact(BukkitDLUpdaterService.java:51)

2024-08-19 07:15:59 [SEVERE] 	at org.bukkit.craftbukkit.v1_5_R3.updater.BukkitDLUpdaterService.getArtifact(BukkitDLUpdaterService.java:28)

2024-08-19 07:15:59 [SEVERE] 	at org.bukkit.craftbukkit.v1_5_R3.updater.AutoUpdater$1.run(AutoUpdater.java:77)

2024-08-19 07:15:59 [SEVERE] Caused by: java.lang.IllegalStateException: Expected BEGIN_OBJECT but was STRING at line 1 column 7

2024-08-19 07:15:59 [SEVERE] 	at org.bukkit.craftbukkit.libs.com.google.gson.stream.JsonReader.expect(JsonReader.java:339)

2024-08-19 07:15:59 [SEVERE] 	at org.bukkit.craftbukkit.libs.com.google.gson.stream.JsonReader.beginObject(JsonReader.java:322)

2024-08-19 07:15:59 [SEVERE] 	at org.bukkit.craftbukkit.libs.com.google.gson.internal.bind.ReflectiveTypeAdapterFactory$Adapter.read(ReflectiveTypeAdapterFactory.java:168)

2024-08-19 07:15:59 [SEVERE] 	... 5 more

2024-08-19 07:15:59 [INFO] Preparing spawn area: 20%
2024-08-19 07:16:00 [INFO] Preparing start region for level 1 (Seed: -234164607979201682)
2024-08-19 07:16:00 [INFO] Preparing spawn area: 4%
2024-08-19 07:16:01 [INFO] Preparing start region for level 2 (Seed: -234164607979201682)
2024-08-19 07:16:01 [INFO] Preparing spawn area: 49%
2024-08-19 07:16:02 [INFO] Server permissions file permissions.yml is empty, ignoring it
2024-08-19 07:16:02 [INFO] Done (3.558s)! For help, type "help" or "?"
2024-08-19 07:16:02 [INFO] Crash Loop Detector is Running! (30sec)

2024-08-19 07:16:02 [INFO] To increase, add "--crashTimeout [sec]" to the program's arguments

2024-08-19 07:17:09 [INFO] TARMaster[/127.0.0.1:47807] logged in with entity id 325 at ([world] -99.61494035801758, 65.0, 155.73538018900308)
2024-08-19 07:17:30 [INFO] TARMaster issued server command: /gamemode c
2024-08-19 07:17:43 [INFO] CONSOLE: Opped TARMaster[m

2024-08-19 07:17:54 [INFO] TARMaster issued server command: /gamemode c
2024-08-19 07:17:55 [INFO] TARMaster: Set own game mode to CREATIVE mode[m

2024-08-19 07:17:56 [SEVERE] TARMaster was caught trying to crash the server with an invalid position.

2024-08-19 07:18:03 [INFO] TARMaster[/127.0.0.1:60147] logged in with entity id 785 at ([world] -108.0, 64.0, 208.0)
2024-08-19 07:18:28 [INFO] TARMaster issued server command: /gamemode s
2024-08-19 07:18:28 [INFO] TARMaster: Set own game mode to SURVIVAL mode[m

2024-08-19 07:18:45 [INFO] Unknown command. Type "help" for help.[m

2024-08-19 07:19:11 [INFO] TARMaster lost connection: disconnect.quitting
2024-08-19 07:19:11 [INFO] Connection reset
2024-08-19 07:19:47 [INFO] CONSOLE: De-opped TARMaster[m

2024-08-19 07:19:53 [INFO] TARMaster[/127.0.0.1:58311] logged in with entity id 1271 at ([world] -109.55283707865794, 64.0, 208.65141388075452)
2024-08-19 07:20:00 [INFO] TARMaster issued server command: /op @s
2024-08-19 07:20:06 [INFO] TARMaster issued server command: /gamemode c
2024-08-19 07:21:07 [INFO] TARMaster lost connection: disconnect.quitting
2024-08-19 07:21:07 [INFO] Connection reset
2024-08-19 07:21:22 [INFO] Unknown command. Type "help" for help.[m

2024-08-19 07:21:27 [INFO] CONSOLE: Stopping the server..[m

2024-08-19 07:21:27 [INFO] Stopping server
2024-08-19 07:21:27 [INFO] Saving players
2024-08-19 07:21:27 [WARNING] DSCT: Socket closed
2024-08-19 07:21:27 [INFO] Saving worlds
2024-08-19 07:21:27 [INFO] Closing listening thread
2024-08-19 07:21:27 [INFO] Saving chunks for level 'world'/Overworld
2024-08-19 07:21:27 [INFO] Saving chunks for level 'world_nether'/Nether
2024-08-19 07:21:27 [INFO] Saving chunks for level 'world_the_end'/The End
2024-08-19 07:21:27 [INFO] Stopping server
2024-08-19 07:32:10 [INFO] Starting minecraft server version 1.5.2
2024-08-19 07:32:10 [INFO] Loading properties
2024-08-19 07:32:10 [INFO] Default game type: SURVIVAL
2024-08-19 07:32:10 [INFO] Generating keypair
2024-08-19 07:32:11 [INFO] Starting Minecraft server on 127.0.0.1:25569
2024-08-19 07:32:13 [INFO] This server is running CraftBukkit version git-Bukkit-1.5.2-R1.0-b2788jnks (MC: 1.5.2) (Implementing API version 1.5.2-R1.0)
2024-08-19 07:32:14 [WARNING] **** SERVER IS RUNNING IN OFFLINE/INSECURE MODE!
2024-08-19 07:32:14 [WARNING] The server will make no attempt to authenticate usernames. Beware.
2024-08-19 07:32:14 [WARNING] While this makes the game possible to play without internet access, it also opens up the ability for hackers to connect with any username they choose.
2024-08-19 07:32:14 [WARNING] To change this, set "online-mode" to "true" in the server.properties file.
2024-08-19 07:32:14 [INFO] Preparing level "world"
2024-08-19 07:32:14 [SEVERE] Exception in thread "Thread-5" 
2024-08-19 07:32:14 [SEVERE] org.bukkit.craftbukkit.libs.com.google.gson.JsonSyntaxException: java.lang.IllegalStateException: Expected BEGIN_OBJECT but was STRING at line 1 column 7

2024-08-19 07:32:14 [SEVERE] 	at org.bukkit.craftbukkit.libs.com.google.gson.internal.bind.ReflectiveTypeAdapterFactory$Adapter.read(ReflectiveTypeAdapterFactory.java:180)

2024-08-19 07:32:14 [SEVERE] 	at org.bukkit.craftbukkit.libs.com.google.gson.Gson.fromJson(Gson.java:755)

2024-08-19 07:32:14 [SEVERE] 	at org.bukkit.craftbukkit.libs.com.google.gson.Gson.fromJson(Gson.java:694)

2024-08-19 07:32:14 [SEVERE] 	at org.bukkit.craftbukkit.v1_5_R3.updater.BukkitDLUpdaterService.fetchArtifact(BukkitDLUpdaterService.java:51)

2024-08-19 07:32:14 [SEVERE] 	at org.bukkit.craftbukkit.v1_5_R3.updater.BukkitDLUpdaterService.getArtifact(BukkitDLUpdaterService.java:28)

2024-08-19 07:32:14 [SEVERE] 	at org.bukkit.craftbukkit.v1_5_R3.updater.AutoUpdater$1.run(AutoUpdater.java:77)

2024-08-19 07:32:14 [SEVERE] Caused by: java.lang.IllegalStateException: Expected BEGIN_OBJECT but was STRING at line 1 column 7

2024-08-19 07:32:14 [SEVERE] 	at org.bukkit.craftbukkit.libs.com.google.gson.stream.JsonReader.expect(JsonReader.java:339)

2024-08-19 07:32:14 [SEVERE] 	at org.bukkit.craftbukkit.libs.com.google.gson.stream.JsonReader.beginObject(JsonReader.java:322)

2024-08-19 07:32:14 [SEVERE] 	at org.bukkit.craftbukkit.libs.com.google.gson.internal.bind.ReflectiveTypeAdapterFactory$Adapter.read(ReflectiveTypeAdapterFactory.java:168)

2024-08-19 07:32:14 [INFO] Preparing start region for level 0 (Seed: 7628326455829189914)
2024-08-19 07:32:14 [SEVERE] 	... 5 more

2024-08-19 07:32:15 [INFO] Preparing spawn area: 12%
2024-08-19 07:32:16 [INFO] Preparing spawn area: 37%
2024-08-19 07:32:17 [INFO] Preparing spawn area: 62%
2024-08-19 07:32:18 [INFO] Preparing spawn area: 95%
2024-08-19 07:32:19 [INFO] Preparing start region for level 1 (Seed: -234164607979201682)
2024-08-19 07:32:19 [INFO] Preparing spawn area: 54%
2024-08-19 07:32:20 [INFO] Preparing start region for level 2 (Seed: -234164607979201682)
2024-08-19 07:32:20 [INFO] Server permissions file permissions.yml is empty, ignoring it
2024-08-19 07:32:20 [INFO] Done (6.656s)! For help, type "help" or "?"
2024-08-19 07:32:21 [INFO] Crash Loop Detector is Running! (30sec)

2024-08-19 07:32:21 [INFO] To increase, add "--crashTimeout [sec]" to the program's arguments

2024-08-19 07:38:15 [INFO] Starting minecraft server version 1.5.2
2024-08-19 07:38:15 [INFO] Loading properties
2024-08-19 07:38:15 [INFO] Default game type: SURVIVAL
2024-08-19 07:38:15 [INFO] Generating keypair
2024-08-19 07:38:16 [INFO] Starting Minecraft server on 127.0.0.1:25569
2024-08-19 07:38:16 [INFO] This server is running CraftBukkit version git-Bukkit-1.5.2-R1.0-b2788jnks (MC: 1.5.2) (Implementing API version 1.5.2-R1.0)
2024-08-19 07:38:17 [WARNING] **** SERVER IS RUNNING IN OFFLINE/INSECURE MODE!
2024-08-19 07:38:17 [WARNING] The server will make no attempt to authenticate usernames. Beware.
2024-08-19 07:38:17 [WARNING] While this makes the game possible to play without internet access, it also opens up the ability for hackers to connect with any username they choose.
2024-08-19 07:38:17 [WARNING] To change this, set "online-mode" to "true" in the server.properties file.
2024-08-19 07:38:17 [INFO] Preparing level "world"
2024-08-19 07:38:17 [INFO] Preparing start region for level 0 (Seed: 7628326455829189914)
2024-08-19 07:38:17 [SEVERE] Exception in thread "Thread-5" 
2024-08-19 07:38:17 [SEVERE] org.bukkit.craftbukkit.libs.com.google.gson.JsonSyntaxException: java.lang.IllegalStateException: Expected BEGIN_OBJECT but was STRING at line 1 column 7

2024-08-19 07:38:17 [SEVERE] 	at org.bukkit.craftbukkit.libs.com.google.gson.internal.bind.ReflectiveTypeAdapterFactory$Adapter.read(ReflectiveTypeAdapterFactory.java:180)

2024-08-19 07:38:17 [SEVERE] 	at org.bukkit.craftbukkit.libs.com.google.gson.Gson.fromJson(Gson.java:755)

2024-08-19 07:38:17 [SEVERE] 	at org.bukkit.craftbukkit.libs.com.google.gson.Gson.fromJson(Gson.java:694)

2024-08-19 07:38:17 [SEVERE] 	at org.bukkit.craftbukkit.v1_5_R3.updater.BukkitDLUpdaterService.fetchArtifact(BukkitDLUpdaterService.java:51)

2024-08-19 07:38:17 [SEVERE] 	at org.bukkit.craftbukkit.v1_5_R3.updater.BukkitDLUpdaterService.getArtifact(BukkitDLUpdaterService.java:28)

2024-08-19 07:38:17 [SEVERE] 	at org.bukkit.craftbukkit.v1_5_R3.updater.AutoUpdater$1.run(AutoUpdater.java:77)

2024-08-19 07:38:17 [SEVERE] Caused by: java.lang.IllegalStateException: Expected BEGIN_OBJECT but was STRING at line 1 column 7

2024-08-19 07:38:17 [SEVERE] 	at org.bukkit.craftbukkit.libs.com.google.gson.stream.JsonReader.expect(JsonReader.java:339)

2024-08-19 07:38:17 [SEVERE] 	at org.bukkit.craftbukkit.libs.com.google.gson.stream.JsonReader.beginObject(JsonReader.java:322)

2024-08-19 07:38:17 [SEVERE] 	at org.bukkit.craftbukkit.libs.com.google.gson.internal.bind.ReflectiveTypeAdapterFactory$Adapter.read(ReflectiveTypeAdapterFactory.java:168)

2024-08-19 07:38:17 [SEVERE] 	... 5 more

2024-08-19 07:38:18 [INFO] Preparing spawn area: 8%
2024-08-19 07:38:19 [INFO] Preparing spawn area: 37%
2024-08-19 07:38:20 [INFO] Preparing spawn area: 99%
2024-08-19 07:38:20 [INFO] Preparing start region for level 1 (Seed: -234164607979201682)
2024-08-19 07:38:21 [INFO] Preparing spawn area: 49%
2024-08-19 07:38:22 [INFO] Preparing start region for level 2 (Seed: -234164607979201682)
2024-08-19 07:38:22 [INFO] Preparing spawn area: 49%
2024-08-19 07:38:22 [INFO] Server permissions file permissions.yml is empty, ignoring it
2024-08-19 07:38:23 [INFO] Done (5.818s)! For help, type "help" or "?"
2024-08-19 07:38:23 [INFO] Crash Loop Detector is Running! (30sec)

2024-08-19 07:38:23 [INFO] To increase, add "--crashTimeout [sec]" to the program's arguments

2024-08-19 07:39:36 [INFO] TARMaster[/127.0.0.1:50543] logged in with entity id 356 at ([world] -151.43858656991648, 63.0, 207.15214906885873)
2024-08-19 07:39:41 [INFO] TARMaster was slain by Spider
2024-08-19 07:40:31 [INFO] TARMaster lost connection: disconnect.quitting
2024-08-19 07:40:31 [INFO] Connection reset
2024-08-19 07:43:46 [INFO] Starting minecraft server version 1.5.2
2024-08-19 07:43:46 [INFO] Loading properties
2024-08-19 07:43:46 [INFO] Default game type: SURVIVAL
2024-08-19 07:43:46 [INFO] Generating keypair
2024-08-19 07:43:47 [INFO] Starting Minecraft server on 127.0.0.1:25569
2024-08-19 07:43:48 [INFO] This server is running CraftBukkit version git-Bukkit-1.5.2-R1.0-b2788jnks (MC: 1.5.2) (Implementing API version 1.5.2-R1.0)
2024-08-19 07:43:49 [WARNING] **** SERVER IS RUNNING IN OFFLINE/INSECURE MODE!
2024-08-19 07:43:49 [WARNING] The server will make no attempt to authenticate usernames. Beware.
2024-08-19 07:43:49 [WARNING] While this makes the game possible to play without internet access, it also opens up the ability for hackers to connect with any username they choose.
2024-08-19 07:43:49 [WARNING] To change this, set "online-mode" to "true" in the server.properties file.
2024-08-19 07:43:49 [INFO] Preparing level "world"
2024-08-19 07:43:50 [INFO] Preparing start region for level 0 (Seed: 7628326455829189914)
2024-08-19 07:43:50 [SEVERE] Exception in thread "Thread-5" 
2024-08-19 07:43:50 [SEVERE] org.bukkit.craftbukkit.libs.com.google.gson.JsonSyntaxException: java.lang.IllegalStateException: Expected BEGIN_OBJECT but was STRING at line 1 column 7

2024-08-19 07:43:50 [SEVERE] 	at org.bukkit.craftbukkit.libs.com.google.gson.internal.bind.ReflectiveTypeAdapterFactory$Adapter.read(ReflectiveTypeAdapterFactory.java:180)

2024-08-19 07:43:50 [SEVERE] 	at org.bukkit.craftbukkit.libs.com.google.gson.Gson.fromJson(Gson.java:755)

2024-08-19 07:43:50 [SEVERE] 	at org.bukkit.craftbukkit.libs.com.google.gson.Gson.fromJson(Gson.java:694)

2024-08-19 07:43:50 [SEVERE] 	at org.bukkit.craftbukkit.v1_5_R3.updater.BukkitDLUpdaterService.fetchArtifact(BukkitDLUpdaterService.java:51)

2024-08-19 07:43:50 [SEVERE] 	at org.bukkit.craftbukkit.v1_5_R3.updater.BukkitDLUpdaterService.getArtifact(BukkitDLUpdaterService.java:28)

2024-08-19 07:43:50 [SEVERE] 	at org.bukkit.craftbukkit.v1_5_R3.updater.AutoUpdater$1.run(AutoUpdater.java:77)

2024-08-19 07:43:50 [SEVERE] Caused by: java.lang.IllegalStateException: Expected BEGIN_OBJECT but was STRING at line 1 column 7

2024-08-19 07:43:50 [SEVERE] 	at org.bukkit.craftbukkit.libs.com.google.gson.stream.JsonReader.expect(JsonReader.java:339)

2024-08-19 07:43:50 [SEVERE] 	at org.bukkit.craftbukkit.libs.com.google.gson.stream.JsonReader.beginObject(JsonReader.java:322)

2024-08-19 07:43:50 [SEVERE] 	at org.bukkit.craftbukkit.libs.com.google.gson.internal.bind.ReflectiveTypeAdapterFactory$Adapter.read(ReflectiveTypeAdapterFactory.java:168)

2024-08-19 07:43:50 [SEVERE] 	... 5 more

2024-08-19 07:43:51 [INFO] Preparing spawn area: 4%
2024-08-19 07:43:52 [INFO] Preparing spawn area: 20%
2024-08-19 07:43:53 [INFO] Preparing spawn area: 58%
2024-08-19 07:43:53 [INFO] Preparing start region for level 1 (Seed: -234164607979201682)
2024-08-19 07:43:54 [INFO] Preparing spawn area: 4%
2024-08-19 07:43:54 [INFO] Preparing start region for level 2 (Seed: -234164607979201682)
2024-08-19 07:43:55 [INFO] Preparing spawn area: 0%
2024-08-19 07:43:55 [INFO] Server permissions file permissions.yml is empty, ignoring it
2024-08-19 07:43:55 [INFO] Done (5.885s)! For help, type "help" or "?"
2024-08-19 07:43:55 [INFO] Crash Loop Detector is Running! (30sec)

2024-08-19 07:43:55 [INFO] To increase, add "--crashTimeout [sec]" to the program's arguments

2024-08-19 07:48:19 [INFO] Starting minecraft server version 1.5.2
2024-08-19 07:48:19 [INFO] Loading properties
2024-08-19 07:48:19 [INFO] Default game type: SURVIVAL
2024-08-19 07:48:19 [INFO] Generating keypair
2024-08-19 07:48:20 [INFO] Starting Minecraft server on 127.0.0.1:25569
2024-08-19 07:48:21 [INFO] This server is running CraftBukkit version git-Bukkit-1.5.2-R1.0-b2788jnks (MC: 1.5.2) (Implementing API version 1.5.2-R1.0)
2024-08-19 07:48:21 [WARNING] **** SERVER IS RUNNING IN OFFLINE/INSECURE MODE!
2024-08-19 07:48:21 [WARNING] The server will make no attempt to authenticate usernames. Beware.
2024-08-19 07:48:21 [WARNING] While this makes the game possible to play without internet access, it also opens up the ability for hackers to connect with any username they choose.
2024-08-19 07:48:21 [WARNING] To change this, set "online-mode" to "true" in the server.properties file.
2024-08-19 07:48:22 [INFO] Preparing level "world"
2024-08-19 07:48:22 [SEVERE] Exception in thread "Thread-5" 
2024-08-19 07:48:22 [SEVERE] org.bukkit.craftbukkit.libs.com.google.gson.JsonSyntaxException: java.lang.IllegalStateException: Expected BEGIN_OBJECT but was STRING at line 1 column 7

2024-08-19 07:48:22 [SEVERE] 	at org.bukkit.craftbukkit.libs.com.google.gson.internal.bind.ReflectiveTypeAdapterFactory$Adapter.read(ReflectiveTypeAdapterFactory.java:180)

2024-08-19 07:48:22 [SEVERE] 	at org.bukkit.craftbukkit.libs.com.google.gson.Gson.fromJson(Gson.java:755)

2024-08-19 07:48:22 [SEVERE] 	at org.bukkit.craftbukkit.libs.com.google.gson.Gson.fromJson(Gson.java:694)

2024-08-19 07:48:22 [SEVERE] 	at org.bukkit.craftbukkit.v1_5_R3.updater.BukkitDLUpdaterService.fetchArtifact(BukkitDLUpdaterService.java:51)

2024-08-19 07:48:22 [SEVERE] 	at org.bukkit.craftbukkit.v1_5_R3.updater.BukkitDLUpdaterService.getArtifact(BukkitDLUpdaterService.java:28)

2024-08-19 07:48:22 [SEVERE] 	at org.bukkit.craftbukkit.v1_5_R3.updater.AutoUpdater$1.run(AutoUpdater.java:77)

2024-08-19 07:48:22 [SEVERE] Caused by: java.lang.IllegalStateException: Expected BEGIN_OBJECT but was STRING at line 1 column 7

2024-08-19 07:48:22 [SEVERE] 	at org.bukkit.craftbukkit.libs.com.google.gson.stream.JsonReader.expect(JsonReader.java:339)

2024-08-19 07:48:22 [SEVERE] 	at org.bukkit.craftbukkit.libs.com.google.gson.stream.JsonReader.beginObject(JsonReader.java:322)

2024-08-19 07:48:22 [SEVERE] 	at org.bukkit.craftbukkit.libs.com.google.gson.internal.bind.ReflectiveTypeAdapterFactory$Adapter.read(ReflectiveTypeAdapterFactory.java:168)

2024-08-19 07:48:22 [SEVERE] 	... 5 more

2024-08-19 07:48:22 [INFO] Preparing start region for level 0 (Seed: 7628326455829189914)
2024-08-19 07:48:23 [INFO] Preparing spawn area: 20%
2024-08-19 07:48:24 [INFO] Preparing spawn area: 45%
2024-08-19 07:48:25 [INFO] Preparing spawn area: 62%
2024-08-19 07:48:26 [INFO] Preparing spawn area: 99%
2024-08-19 07:48:26 [INFO] Preparing start region for level 1 (Seed: -234164607979201682)
2024-08-19 07:48:27 [INFO] Preparing spawn area: 95%
2024-08-19 07:48:27 [INFO] Preparing start region for level 2 (Seed: -234164607979201682)
2024-08-19 07:48:28 [INFO] Server permissions file permissions.yml is empty, ignoring it
2024-08-19 07:48:28 [INFO] Done (6.580s)! For help, type "help" or "?"
2024-08-19 07:48:28 [INFO] Crash Loop Detector is Running! (30sec)

2024-08-19 07:48:28 [INFO] To increase, add "--crashTimeout [sec]" to the program's arguments

2024-08-19 07:50:57 [INFO] Starting minecraft server version 1.5.2
2024-08-19 07:50:57 [INFO] Loading properties
2024-08-19 07:50:57 [INFO] Default game type: SURVIVAL
2024-08-19 07:50:57 [INFO] Generating keypair
2024-08-19 07:50:58 [INFO] Starting Minecraft server on 127.0.0.1:25569
2024-08-19 07:50:59 [INFO] This server is running CraftBukkit version git-Bukkit-1.5.2-R1.0-b2788jnks (MC: 1.5.2) (Implementing API version 1.5.2-R1.0)
2024-08-19 07:51:00 [WARNING] **** SERVER IS RUNNING IN OFFLINE/INSECURE MODE!
2024-08-19 07:51:00 [WARNING] The server will make no attempt to authenticate usernames. Beware.
2024-08-19 07:51:00 [WARNING] While this makes the game possible to play without internet access, it also opens up the ability for hackers to connect with any username they choose.
2024-08-19 07:51:00 [WARNING] To change this, set "online-mode" to "true" in the server.properties file.
2024-08-19 07:51:00 [INFO] Preparing level "world"
2024-08-19 07:51:00 [SEVERE] Exception in thread "Thread-5" 
2024-08-19 07:51:00 [SEVERE] org.bukkit.craftbukkit.libs.com.google.gson.JsonSyntaxException: java.lang.IllegalStateException: Expected BEGIN_OBJECT but was STRING at line 1 column 7

2024-08-19 07:51:00 [SEVERE] 	at org.bukkit.craftbukkit.libs.com.google.gson.internal.bind.ReflectiveTypeAdapterFactory$Adapter.read(ReflectiveTypeAdapterFactory.java:180)

2024-08-19 07:51:00 [SEVERE] 	at org.bukkit.craftbukkit.libs.com.google.gson.Gson.fromJson(Gson.java:755)

2024-08-19 07:51:00 [SEVERE] 	at org.bukkit.craftbukkit.libs.com.google.gson.Gson.fromJson(Gson.java:694)

2024-08-19 07:51:00 [SEVERE] 	at org.bukkit.craftbukkit.v1_5_R3.updater.BukkitDLUpdaterService.fetchArtifact(BukkitDLUpdaterService.java:51)

2024-08-19 07:51:00 [SEVERE] 	at org.bukkit.craftbukkit.v1_5_R3.updater.BukkitDLUpdaterService.getArtifact(BukkitDLUpdaterService.java:28)

2024-08-19 07:51:00 [SEVERE] 	at org.bukkit.craftbukkit.v1_5_R3.updater.AutoUpdater$1.run(AutoUpdater.java:77)

2024-08-19 07:51:00 [SEVERE] Caused by: java.lang.IllegalStateException: Expected BEGIN_OBJECT but was STRING at line 1 column 7

2024-08-19 07:51:00 [SEVERE] 	at org.bukkit.craftbukkit.libs.com.google.gson.stream.JsonReader.expect(JsonReader.java:339)

2024-08-19 07:51:00 [SEVERE] 	at org.bukkit.craftbukkit.libs.com.google.gson.stream.JsonReader.beginObject(JsonReader.java:322)

2024-08-19 07:51:00 [SEVERE] 	at org.bukkit.craftbukkit.libs.com.google.gson.internal.bind.ReflectiveTypeAdapterFactory$Adapter.read(ReflectiveTypeAdapterFactory.java:168)

2024-08-19 07:51:00 [SEVERE] 	... 5 more

2024-08-19 07:51:00 [INFO] Preparing start region for level 0 (Seed: 7628326455829189914)
2024-08-19 07:51:02 [INFO] Preparing spawn area: 8%
2024-08-19 07:51:03 [INFO] Preparing spawn area: 24%
2024-08-19 07:51:04 [INFO] Preparing spawn area: 45%
2024-08-19 07:51:05 [INFO] Preparing spawn area: 66%
2024-08-19 07:51:05 [INFO] Preparing start region for level 1 (Seed: -234164607979201682)
2024-08-19 07:51:06 [INFO] Preparing spawn area: 0%
2024-08-19 07:51:07 [INFO] Preparing spawn area: 49%
2024-08-19 07:51:07 [INFO] Preparing start region for level 2 (Seed: -234164607979201682)
2024-08-19 07:51:07 [INFO] Server permissions file permissions.yml is empty, ignoring it
2024-08-19 07:51:08 [INFO] Done (7.765s)! For help, type "help" or "?"
2024-08-19 07:51:08 [INFO] Crash Loop Detector is Running! (30sec)

2024-08-19 07:51:08 [INFO] To increase, add "--crashTimeout [sec]" to the program's arguments

2024-08-19 08:12:47 [INFO] Starting minecraft server version 1.5.2
2024-08-19 08:12:47 [INFO] Loading properties
2024-08-19 08:12:47 [INFO] Default game type: SURVIVAL
2024-08-19 08:12:47 [INFO] Generating keypair
2024-08-19 08:12:47 [INFO] Starting Minecraft server on 127.0.0.1:25569
2024-08-19 08:12:48 [INFO] This server is running CraftBukkit version git-Bukkit-1.5.2-R1.0-b2788jnks (MC: 1.5.2) (Implementing API version 1.5.2-R1.0)
2024-08-19 08:12:48 [WARNING] **** SERVER IS RUNNING IN OFFLINE/INSECURE MODE!
2024-08-19 08:12:49 [WARNING] The server will make no attempt to authenticate usernames. Beware.
2024-08-19 08:12:49 [WARNING] While this makes the game possible to play without internet access, it also opens up the ability for hackers to connect with any username they choose.
2024-08-19 08:12:49 [WARNING] To change this, set "online-mode" to "true" in the server.properties file.
2024-08-19 08:12:49 [INFO] Preparing level "world"
2024-08-19 08:12:49 [INFO] Preparing start region for level 0 (Seed: 7628326455829189914)
2024-08-19 08:12:49 [SEVERE] Exception in thread "Thread-5" 
2024-08-19 08:12:49 [SEVERE] org.bukkit.craftbukkit.libs.com.google.gson.JsonSyntaxException: java.lang.IllegalStateException: Expected BEGIN_OBJECT but was STRING at line 1 column 7

2024-08-19 08:12:49 [SEVERE] 	at org.bukkit.craftbukkit.libs.com.google.gson.internal.bind.ReflectiveTypeAdapterFactory$Adapter.read(ReflectiveTypeAdapterFactory.java:180)

2024-08-19 08:12:49 [SEVERE] 	at org.bukkit.craftbukkit.libs.com.google.gson.Gson.fromJson(Gson.java:755)

2024-08-19 08:12:49 [SEVERE] 	at org.bukkit.craftbukkit.libs.com.google.gson.Gson.fromJson(Gson.java:694)

2024-08-19 08:12:49 [SEVERE] 	at org.bukkit.craftbukkit.v1_5_R3.updater.BukkitDLUpdaterService.fetchArtifact(BukkitDLUpdaterService.java:51)

2024-08-19 08:12:49 [SEVERE] 	at org.bukkit.craftbukkit.v1_5_R3.updater.BukkitDLUpdaterService.getArtifact(BukkitDLUpdaterService.java:28)

2024-08-19 08:12:49 [SEVERE] 	at org.bukkit.craftbukkit.v1_5_R3.updater.AutoUpdater$1.run(AutoUpdater.java:77)

2024-08-19 08:12:49 [SEVERE] Caused by: java.lang.IllegalStateException: Expected BEGIN_OBJECT but was STRING at line 1 column 7

2024-08-19 08:12:49 [SEVERE] 	at org.bukkit.craftbukkit.libs.com.google.gson.stream.JsonReader.expect(JsonReader.java:339)

2024-08-19 08:12:49 [SEVERE] 	at org.bukkit.craftbukkit.libs.com.google.gson.stream.JsonReader.beginObject(JsonReader.java:322)

2024-08-19 08:12:49 [SEVERE] 	at org.bukkit.craftbukkit.libs.com.google.gson.internal.bind.ReflectiveTypeAdapterFactory$Adapter.read(ReflectiveTypeAdapterFactory.java:168)

2024-08-19 08:12:49 [SEVERE] 	... 5 more

2024-08-19 08:12:50 [INFO] Preparing spawn area: 12%
2024-08-19 08:12:51 [INFO] Preparing spawn area: 41%
2024-08-19 08:12:52 [INFO] Preparing spawn area: 99%
2024-08-19 08:12:52 [INFO] Preparing start region for level 1 (Seed: -234164607979201682)
2024-08-19 08:12:53 [INFO] Preparing spawn area: 49%
2024-08-19 08:12:53 [INFO] Preparing start region for level 2 (Seed: -234164607979201682)
2024-08-19 08:12:54 [INFO] Server permissions file permissions.yml is empty, ignoring it
2024-08-19 08:12:54 [INFO] Done (5.326s)! For help, type "help" or "?"
2024-08-19 08:12:54 [INFO] Crash Loop Detector is Running! (30sec)

2024-08-19 08:12:54 [INFO] To increase, add "--crashTimeout [sec]" to the program's arguments

2024-08-19 08:14:46 [INFO] TARMaster[/127.0.0.1:41673] logged in with entity id 365 at ([world] -91.59724771093707, 66.0, 204.1935155616341)
2024-08-19 08:15:00 [INFO] TARMaster lost connection: disconnect.quitting
2024-08-19 08:15:00 [INFO] Connection reset
2024-08-19 08:20:39 [INFO] Starting minecraft server version 1.5.2
2024-08-19 08:20:39 [INFO] Loading properties
2024-08-19 08:20:39 [INFO] Default game type: SURVIVAL
2024-08-19 08:20:39 [INFO] Generating keypair
2024-08-19 08:20:40 [INFO] Starting Minecraft server on 127.0.0.1:25569
2024-08-19 08:20:41 [INFO] This server is running CraftBukkit version git-Bukkit-1.5.2-R1.0-b2788jnks (MC: 1.5.2) (Implementing API version 1.5.2-R1.0)
2024-08-19 08:20:41 [WARNING] **** SERVER IS RUNNING IN OFFLINE/INSECURE MODE!
2024-08-19 08:20:41 [WARNING] The server will make no attempt to authenticate usernames. Beware.
2024-08-19 08:20:41 [WARNING] While this makes the game possible to play without internet access, it also opens up the ability for hackers to connect with any username they choose.
2024-08-19 08:20:41 [WARNING] To change this, set "online-mode" to "true" in the server.properties file.
2024-08-19 08:20:41 [INFO] Preparing level "world"
2024-08-19 08:20:42 [INFO] Preparing start region for level 0 (Seed: 7628326455829189914)
2024-08-19 08:20:42 [SEVERE] Exception in thread "Thread-5" 
2024-08-19 08:20:42 [SEVERE] org.bukkit.craftbukkit.libs.com.google.gson.JsonSyntaxException: java.lang.IllegalStateException: Expected BEGIN_OBJECT but was STRING at line 1 column 7

2024-08-19 08:20:42 [SEVERE] 	at org.bukkit.craftbukkit.libs.com.google.gson.internal.bind.ReflectiveTypeAdapterFactory$Adapter.read(ReflectiveTypeAdapterFactory.java:180)

2024-08-19 08:20:42 [SEVERE] 	at org.bukkit.craftbukkit.libs.com.google.gson.Gson.fromJson(Gson.java:755)

2024-08-19 08:20:42 [SEVERE] 	at org.bukkit.craftbukkit.libs.com.google.gson.Gson.fromJson(Gson.java:694)

2024-08-19 08:20:42 [SEVERE] 	at org.bukkit.craftbukkit.v1_5_R3.updater.BukkitDLUpdaterService.fetchArtifact(BukkitDLUpdaterService.java:51)

2024-08-19 08:20:42 [SEVERE] 	at org.bukkit.craftbukkit.v1_5_R3.updater.BukkitDLUpdaterService.getArtifact(BukkitDLUpdaterService.java:28)

2024-08-19 08:20:42 [SEVERE] 	at org.bukkit.craftbukkit.v1_5_R3.updater.AutoUpdater$1.run(AutoUpdater.java:77)

2024-08-19 08:20:42 [SEVERE] Caused by: java.lang.IllegalStateException: Expected BEGIN_OBJECT but was STRING at line 1 column 7

2024-08-19 08:20:42 [SEVERE] 	at org.bukkit.craftbukkit.libs.com.google.gson.stream.JsonReader.expect(JsonReader.java:339)

2024-08-19 08:20:42 [SEVERE] 	at org.bukkit.craftbukkit.libs.com.google.gson.stream.JsonReader.beginObject(JsonReader.java:322)

2024-08-19 08:20:42 [SEVERE] 	at org.bukkit.craftbukkit.libs.com.google.gson.internal.bind.ReflectiveTypeAdapterFactory$Adapter.read(ReflectiveTypeAdapterFactory.java:168)

2024-08-19 08:20:42 [SEVERE] 	... 5 more

2024-08-19 08:20:43 [INFO] Preparing spawn area: 8%
2024-08-19 08:20:44 [INFO] Preparing spawn area: 58%
2024-08-19 08:20:45 [INFO] Preparing start region for level 1 (Seed: -234164607979201682)
2024-08-19 08:20:45 [INFO] Preparing spawn area: 0%
2024-08-19 08:20:46 [INFO] Preparing start region for level 2 (Seed: -234164607979201682)
2024-08-19 08:20:46 [INFO] Preparing spawn area: 49%
2024-08-19 08:20:46 [INFO] Server permissions file permissions.yml is empty, ignoring it
2024-08-19 08:20:46 [INFO] Done (4.842s)! For help, type "help" or "?"
2024-08-19 08:20:46 [INFO] Crash Loop Detector is Running! (30sec)

2024-08-19 08:20:46 [INFO] To increase, add "--crashTimeout [sec]" to the program's arguments

